<?xml version="1.0" encoding="UTF-8"?>
<!-- Generated by org.testng.reporters.JUnitReportReporter -->
<testsuite skipped="0" hostname="DESKTOP-60HH409" name="a2_bingTest.A1_SampleBing" tests="1" failures="0" timestamp="10 Aug 2023 05:05:01 GMT" time="14.843" errors="0">
  <testcase name="loginGoogleTest" time="14.843" classname="a2_bingTest.A1_SampleBing"/>
</testsuite> <!-- a2_bingTest.A1_SampleBing -->
